Radartui: 9
Radartui: Key(KeyType.tab, 	, ctrl=false, alt=false, shift=false, meta=false)
Radartui: text: Hello
Radartui: 113
Radartui: Key(KeyType.char, q, ctrl=false, alt=false, shift=false, meta=false)
Radartui: text: 1234
Radartui: text: 1234
Radartui: children[i]: Text
Radartui: children[i].shouldUpdate(oldWidget.children[i]): false
Radartui: 9
Radartui: Key(KeyType.tab, 	, ctrl=false, alt=false, shift=false, meta=false)
Radartui: text: 1234
Radartui: children[i]: Text
Radartui: children[i].shouldUpdate(oldWidget.children[i]): false
Radartui: 9
Radartui: Key(KeyType.tab, 	, ctrl=false, alt=false, shift=false, meta=false)
Radartui: text: 1234
Radartui: children[i]: Text
Radartui: children[i].shouldUpdate(oldWidget.children[i]): false
Radartui: 9
Radartui: Key(KeyType.tab, 	, ctrl=false, alt=false, shift=false, meta=false)
Radartui: text: 1234
Radartui: children[i]: Text
Radartui: children[i].shouldUpdate(oldWidget.children[i]): false
Radartui: 9
Radartui: Key(KeyType.tab, 	, ctrl=false, alt=false, shift=false, meta=false)
Radartui: text: 1234
Radartui: children[i]: Text
Radartui: children[i].shouldUpdate(oldWidget.children[i]): false
Radartui: 227
Radartui: Key(KeyType.char, ã, ctrl=false, alt=false, shift=false, meta=false)
Radartui: text: 1234
Radartui: children[i]: Text
Radartui: children[i].shouldUpdate(oldWidget.children[i]): false
Radartui: 133
Radartui: Key(KeyType.char, , ctrl=false, alt=false, shift=false, meta=false)
Radartui: text: 1234
Radartui: children[i]: Text
Radartui: children[i].shouldUpdate(oldWidget.children[i]): false
Radartui: 130
Radartui: Key(KeyType.char, , ctrl=false, alt=false, shift=false, meta=false)
Radartui: text: 1234
Radartui: children[i]: Text
Radartui: children[i].shouldUpdate(oldWidget.children[i]): false
Radartui: 227
Radartui: Key(KeyType.char, ã, ctrl=false, alt=false, shift=false, meta=false)
Radartui: text: 1234
Radartui: children[i]: Text
Radartui: children[i].shouldUpdate(oldWidget.children[i]): false
Radartui: 133
Radartui: Key(KeyType.char, , ctrl=false, alt=false, shift=false, meta=false)
Radartui: text: 1234
Radartui: children[i]: Text
Radartui: children[i].shouldUpdate(oldWidget.children[i]): false
Radartui: 130
Radartui: Key(KeyType.char, , ctrl=false, alt=false, shift=false, meta=false)
Radartui: text: 1234
Radartui: children[i]: Text
Radartui: children[i].shouldUpdate(oldWidget.children[i]): false
Radartui: 113
Radartui: Key(KeyType.char, q, ctrl=false, alt=false, shift=false, meta=false)
